<ns0:test-suite xmlns:ns0="urn:model.allure.qatools.yandex.ru" start="1575511772196" stop="1575511772197">
  <description>This is the tests collection phase. Failures are modules that failed to collect.</description>
  <name>test_collection_phase</name>
  <title>Collection phase</title>
  <labels/>
  <test-cases>
    <test-case start="1575511772197" status="broken" stop="1575511772197">
      <name>test_Unit</name>
      <failure>
        <message>failed</message>
        <stack-trace>..\appdata\local\programs\python\python37-32\lib\site-packages\py\_path\local.py:701: in pyimport
    __import__(modname)
TestCases\__init__.py:2: in &lt;module&gt;
    from.import test_job
&lt;frozen importlib._bootstrap&gt;:983: in _find_and_load
    ???
&lt;frozen importlib._bootstrap&gt;:967: in _find_and_load_unlocked
    ???
&lt;frozen importlib._bootstrap&gt;:668: in _load_unlocked
    ???
&lt;frozen importlib._bootstrap&gt;:638: in _load_backward_compatible
    ???
..\appdata\local\programs\python\python37-32\lib\site-packages\_pytest\assertion\rewrite.py:294: in load_module
    six.exec_(co, mod.__dict__)
TestCases\test_job.py:30: in &lt;module&gt;
    lookjob.test_srchjob()
TestCases\test_job.py:18: in test_srchjob
    self.driver = bd.test_startBrowser()
Base\InitiateDriver.py:7: in test_startBrowser
    print("Browser from Config File ",ConfigReader.test_readConfigData('Details','Browser'))
Library\ConfigReader.py:7: in test_readConfigData
    return config.get(section, key)
..\appdata\local\programs\python\python37-32\lib\configparser.py:780: in get
    d = self._unify_values(section, vars)
..\appdata\local\programs\python\python37-32\lib\configparser.py:1146: in _unify_values
    raise NoSectionError(section) from None
E   configparser.NoSectionError: No section: 'Details'</stack-trace>
      </failure>
      <attachments/>
      <labels/>
      <steps/>
    </test-case>
    <test-case start="1575511772197" status="broken" stop="1575511772197">
      <name>test_job</name>
      <failure>
        <message>failed</message>
        <stack-trace>TestCases\test_job.py:30: in &lt;module&gt;
    lookjob.test_srchjob()
TestCases\test_job.py:18: in test_srchjob
    self.driver = bd.test_startBrowser()
Base\InitiateDriver.py:7: in test_startBrowser
    print("Browser from Config File ",ConfigReader.test_readConfigData('Details','Browser'))
Library\ConfigReader.py:7: in test_readConfigData
    return config.get(section, key)
..\appdata\local\programs\python\python37-32\lib\configparser.py:780: in get
    d = self._unify_values(section, vars)
..\appdata\local\programs\python\python37-32\lib\configparser.py:1146: in _unify_values
    raise NoSectionError(section) from None
E   configparser.NoSectionError: No section: 'Details'</stack-trace>
      </failure>
      <attachments/>
      <labels/>
      <steps/>
    </test-case>
    <test-case start="1575511772197" status="broken" stop="1575511772197">
      <name>test_log</name>
      <failure>
        <message>failed</message>
        <stack-trace>..\appdata\local\programs\python\python37-32\lib\site-packages\py\_path\local.py:701: in pyimport
    __import__(modname)
TestCases\__init__.py:2: in &lt;module&gt;
    from.import test_job
&lt;frozen importlib._bootstrap&gt;:983: in _find_and_load
    ???
&lt;frozen importlib._bootstrap&gt;:967: in _find_and_load_unlocked
    ???
&lt;frozen importlib._bootstrap&gt;:668: in _load_unlocked
    ???
&lt;frozen importlib._bootstrap&gt;:638: in _load_backward_compatible
    ???
..\appdata\local\programs\python\python37-32\lib\site-packages\_pytest\assertion\rewrite.py:294: in load_module
    six.exec_(co, mod.__dict__)
TestCases\test_job.py:30: in &lt;module&gt;
    lookjob.test_srchjob()
TestCases\test_job.py:18: in test_srchjob
    self.driver = bd.test_startBrowser()
Base\InitiateDriver.py:7: in test_startBrowser
    print("Browser from Config File ",ConfigReader.test_readConfigData('Details','Browser'))
Library\ConfigReader.py:7: in test_readConfigData
    return config.get(section, key)
..\appdata\local\programs\python\python37-32\lib\configparser.py:780: in get
    d = self._unify_values(section, vars)
..\appdata\local\programs\python\python37-32\lib\configparser.py:1146: in _unify_values
    raise NoSectionError(section) from None
E   configparser.NoSectionError: No section: 'Details'</stack-trace>
      </failure>
      <attachments/>
      <labels/>
      <steps/>
    </test-case>
    <test-case start="1575511772197" status="broken" stop="1575511772197">
      <name>test_UnitR</name>
      <failure>
        <message>failed</message>
        <stack-trace>..\appdata\local\programs\python\python37-32\lib\site-packages\py\_path\local.py:701: in pyimport
    __import__(modname)
TestSuites\__init__.py:1: in &lt;module&gt;
    from.import Smoke
TestSuites\Smoke.py:2: in &lt;module&gt;
    from TestCases import test_job
TestCases\__init__.py:2: in &lt;module&gt;
    from.import test_job
&lt;frozen importlib._bootstrap&gt;:983: in _find_and_load
    ???
&lt;frozen importlib._bootstrap&gt;:967: in _find_and_load_unlocked
    ???
&lt;frozen importlib._bootstrap&gt;:668: in _load_unlocked
    ???
&lt;frozen importlib._bootstrap&gt;:638: in _load_backward_compatible
    ???
..\appdata\local\programs\python\python37-32\lib\site-packages\_pytest\assertion\rewrite.py:294: in load_module
    six.exec_(co, mod.__dict__)
TestCases\test_job.py:30: in &lt;module&gt;
    lookjob.test_srchjob()
TestCases\test_job.py:18: in test_srchjob
    self.driver = bd.test_startBrowser()
Base\InitiateDriver.py:7: in test_startBrowser
    print("Browser from Config File ",ConfigReader.test_readConfigData('Details','Browser'))
Library\ConfigReader.py:7: in test_readConfigData
    return config.get(section, key)
..\appdata\local\programs\python\python37-32\lib\configparser.py:780: in get
    d = self._unify_values(section, vars)
..\appdata\local\programs\python\python37-32\lib\configparser.py:1146: in _unify_values
    raise NoSectionError(section) from None
E   configparser.NoSectionError: No section: 'Details'</stack-trace>
      </failure>
      <attachments/>
      <labels/>
      <steps/>
    </test-case>
  </test-cases>
</ns0:test-suite>
